C51 COMPILER V9.54   H                                                                     07/06/2022 22:41:53 PAGE 1   


C51 COMPILER V9.54, COMPILATION OF MODULE H
OBJECT MODULE PLACED IN .\Objects\h.obj
COMPILER INVOKED BY: E:\keil\C51\BIN\C51.EXE h.c OPTIMIZE(8,SPEED) BROWSE DEBUG OBJECTEXTEND PRINT(.\Listings\h.lst) OBJ
                    -ECT(.\Objects\h.obj)

line level    source

   1          #include <REGX52.H>
   2          
   3          
   4          void int0_init(void)
   5          {
   6   1              IT0=1;
   7   1              IE0=0;
   8   1              EX0=1;
   9   1              EA=1;
  10   1              PX0=1;
  11   1      }
  12          
  13          void Timer1Init(void)           //100??@11.0592MHz
  14          {
  15   1              TMOD &= 0x0F;           //???????
  16   1              TMOD |= 0x10;           //???????
  17   1              TL1 = 0xA4;             //??????
  18   1              TH1 = 0xFF;             //??????
  19   1              TF1 = 0;                //??TF1??
  20   1              TR1 = 1;                //???1????
  21   1              ET1=1;
  22   1              EA=1;
  23   1      }
  24          
  25          
  26          


MODULE INFORMATION:   STATIC OVERLAYABLE
   CODE SIZE        =     32    ----
   CONSTANT SIZE    =   ----    ----
   XDATA SIZE       =   ----    ----
   PDATA SIZE       =   ----    ----
   DATA SIZE        =   ----    ----
   IDATA SIZE       =   ----    ----
   BIT SIZE         =   ----    ----
END OF MODULE INFORMATION.


C51 COMPILATION COMPLETE.  0 WARNING(S),  0 ERROR(S)
