C51 COMPILER V9.54   MAIN                                                                  07/06/2022 22:41:53 PAGE 1   


C51 COMPILER V9.54, COMPILATION OF MODULE MAIN
OBJECT MODULE PLACED IN .\Objects\main.obj
COMPILER INVOKED BY: E:\keil\C51\BIN\C51.EXE main.c OPTIMIZE(8,SPEED) BROWSE DEBUG OBJECTEXTEND PRINT(.\Listings\main.ls
                    -t) OBJECT(.\Objects\main.obj)

line level    source

   1          #include <REGX52.H>
   2          #include <intrins.h>
   3          #include <ir.h>
   4          #include <h.h>
   5          #include <lcd1602.h>
   6          sbit moter=P1^0;
   7          
   8          unsigned char number=50;
   9          unsigned char adress=0;
  10          unsigned char command=0;
  11          
  12          void Delay100us()               //@11.0592MHz
  13          {
  14   1              unsigned char i = 0;
  15   1      
  16   1              _nop_();
  17   1              i = 43;
  18   1              while (--i);
  19   1      }
  20          
  21          
  22          void main()
  23          {
  24   1              Timer1Init();
  25   1              ir_init();
  26   1              LCD_Init();
  27   1              while(1)
  28   1              {
  29   2                      
  30   2                      LCD_ShowNum(  1, 1, number,3);
  31   2                      Delay100us();
  32   2                      
  33   2                      if(ir_getdata()||ir_getrepeat())
  34   2                      {
  35   3                              adress=ir_getadress();
  36   3                              command=ir_getcommand();
  37   3                              if(command==0x02)
  38   3                              {
  39   4                                      number-=10;
  40   4                                      if(number<=0) number = 0;
  41   4                              }
  42   3                              if(command==0x03)
  43   3                              {
  44   4                                      number+=10;
  45   4                                      if(number>=100) number=100;
  46   4                              
  47   4                              }
  48   3                              if(command==0x12)
  49   3                              {
  50   4                                      number=0;
  51   4                              }
  52   3                      }
  53   2              }
  54   1      }
C51 COMPILER V9.54   MAIN                                                                  07/06/2022 22:41:53 PAGE 2   

  55          
  56          void runtime(void) interrupt 3
  57          {
  58   1              static unsigned char count=0;
  59   1              TL1 = 0xA4;             
  60   1              TH1 = 0xFF;     
  61   1              count+=1;
  62   1              if(count>=100)  count=0;
  63   1              if(count<number)
  64   1              {
  65   2                      moter=1;
  66   2              }
  67   1              else
  68   1              {
  69   2                      moter=0;
  70   2              }
  71   1      }


MODULE INFORMATION:   STATIC OVERLAYABLE
   CODE SIZE        =    144    ----
   CONSTANT SIZE    =   ----    ----
   XDATA SIZE       =   ----    ----
   PDATA SIZE       =   ----    ----
   DATA SIZE        =      4    ----
   IDATA SIZE       =   ----    ----
   BIT SIZE         =   ----    ----
END OF MODULE INFORMATION.


C51 COMPILATION COMPLETE.  0 WARNING(S),  0 ERROR(S)
