C51 COMPILER V9.54   TIMER                                                                 07/06/2022 22:41:53 PAGE 1   


C51 COMPILER V9.54, COMPILATION OF MODULE TIMER
OBJECT MODULE PLACED IN .\Objects\timer.obj
COMPILER INVOKED BY: E:\keil\C51\BIN\C51.EXE timer.c OPTIMIZE(8,SPEED) BROWSE DEBUG OBJECTEXTEND PRINT(.\Listings\timer.
                    -lst) OBJECT(.\Objects\timer.obj)

line level    source

   1          #include <REGX52.H>
   2          void Timer0Init(void)           
   3          {
   4   1              TMOD &= 0xF0;           
   5   1              TMOD |= 0x01;           
   6   1              TL0 = 0x00;             
   7   1              TH0 = 0x00;             
   8   1              TF0 = 0;                
   9   1              TR0 = 0;                
  10   1      }
  11          
  12          void timer0_set_time(unsigned int time)
  13          {
  14   1              TH0=time/256;
  15   1              TL0=time%256;
  16   1      }
  17          
  18          unsigned int timer0_read_time(void)
  19          {
  20   1              return ((unsigned int)TH0)<<8 | (unsigned int)TL0 ;
  21   1      }
  22          
  23          void timer0_run(unsigned char flag)
  24          {
  25   1              TR0 = flag;
  26   1      }


MODULE INFORMATION:   STATIC OVERLAYABLE
   CODE SIZE        =     42    ----
   CONSTANT SIZE    =   ----    ----
   XDATA SIZE       =   ----    ----
   PDATA SIZE       =   ----    ----
   DATA SIZE        =   ----    ----
   IDATA SIZE       =   ----    ----
   BIT SIZE         =   ----    ----
END OF MODULE INFORMATION.


C51 COMPILATION COMPLETE.  0 WARNING(S),  0 ERROR(S)
